<?xml version="1.0" encoding="UTF-8"?>
<testsuite name="ch.post.wallet.service.CryptoAssetTransformationTest" tests="7" skipped="0" failures="0" errors="0" timestamp="2024-12-02T17:57:47" hostname="PT-PO130007" time="0.174">
  <properties/>
  <testcase name="testNullTimestamp()" classname="ch.post.wallet.service.CryptoAssetTransformationTest" time="0.149"/>
  <testcase name="testValidCryptoAsset()" classname="ch.post.wallet.service.CryptoAssetTransformationTest" time="0.002"/>
  <testcase name="testZeroPrice()" classname="ch.post.wallet.service.CryptoAssetTransformationTest" time="0.01"/>
  <testcase name="testEmptySymbol()" classname="ch.post.wallet.service.CryptoAssetTransformationTest" time="0.002"/>
  <testcase name="testNullSymbol()" classname="ch.post.wallet.service.CryptoAssetTransformationTest" time="0.001"/>
  <testcase name="testNegativePrice()" classname="ch.post.wallet.service.CryptoAssetTransformationTest" time="0.002"/>
  <testcase name="testNullPrice()" classname="ch.post.wallet.service.CryptoAssetTransformationTest" time="0.002"/>
  <system-out><![CDATA[17:57:47.647 [Test worker] ERROR ch.post.wallet.service.CryptoAssetTransformation -- Price for asset BTC is not valid, it will not be updated
17:57:47.656 [Test worker] ERROR ch.post.wallet.service.CryptoAssetTransformation -- Symbol for asset is not valid, it will not be updated
17:57:47.659 [Test worker] ERROR ch.post.wallet.service.CryptoAssetTransformation -- Symbol for asset is not valid, it will not be updated
17:57:47.661 [Test worker] ERROR ch.post.wallet.service.CryptoAssetTransformation -- Price for asset BTC is not valid, it will not be updated
17:57:47.663 [Test worker] ERROR ch.post.wallet.service.CryptoAssetTransformation -- Price for asset BTC is not valid, it will not be updated
]]></system-out>
  <system-err><![CDATA[]]></system-err>
</testsuite>
