<?xml version="1.0" encoding="UTF-8"?>
<testsuite name="ch.post.wallet.service.CoincapTest" tests="2" skipped="0" failures="0" errors="0" timestamp="2024-12-02T17:57:47" hostname="PT-PO130007" time="1.633">
  <properties/>
  <testcase name="testFetchCryptoAssetsError()" classname="ch.post.wallet.service.CoincapTest" time="1.585"/>
  <testcase name="testFetchCryptoAssetsSuccess()" classname="ch.post.wallet.service.CoincapTest" time="0.041"/>
  <system-out><![CDATA[17:57:49.255 [Test worker] INFO ch.post.wallet.service.CoincapApi -- Calling Coincap API to fetch crypto assets null
17:57:49.302 [Test worker] INFO ch.post.wallet.service.CoincapApi -- Calling Coincap API to fetch crypto assets null
]]></system-out>
  <system-err><![CDATA[]]></system-err>
</testsuite>
